c:\users\csrae\desktop\actual\coldwar\game\x64\release\vc142.pdb
c:\users\csrae\desktop\actual\coldwar\game\x64\release\newgame.obj
c:\users\csrae\desktop\actual\coldwar\game\x64\release\movehorizontal.obj
c:\users\csrae\desktop\actual\coldwar\game\x64\release\menustate.obj
c:\users\csrae\desktop\actual\coldwar\game\x64\release\main.obj
c:\users\csrae\desktop\actual\coldwar\game\x64\release\levelcontroller.obj
c:\users\csrae\desktop\actual\coldwar\game\x64\release\playingstate.obj
c:\users\csrae\desktop\actual\coldwar\game\x64\release\gameoverstate.obj
c:\users\csrae\desktop\actual\coldwar\game\x64\release\gamecontroller.obj
c:\users\csrae\desktop\actual\coldwar\game\x64\release\extralife.obj
c:\users\csrae\desktop\actual\coldwar\game\x64\release\exit.obj
c:\users\csrae\desktop\actual\coldwar\game\x64\release\entity.obj
c:\users\csrae\desktop\actual\coldwar\game\x64\release\enemyfactory.obj
c:\users\csrae\desktop\actual\coldwar\game\x64\release\enemy.obj
c:\users\csrae\desktop\actual\coldwar\game\x64\release\herobullet.obj
c:\users\csrae\desktop\actual\coldwar\game\x64\release\collisionhandler.obj
c:\users\csrae\desktop\actual\coldwar\game\x64\release\starbulletpowerup.obj
c:\users\csrae\desktop\actual\coldwar\game\x64\release\bulletfactory.obj
c:\users\csrae\desktop\actual\coldwar\game\x64\release\bullet.obj
c:\users\csrae\desktop\actual\coldwar\game\x64\release\bossmove.obj
c:\users\csrae\desktop\actual\coldwar\game\x64\release\bossenemy.obj
c:\users\csrae\desktop\actual\coldwar\game\x64\release\starbullet.obj
c:\users\csrae\desktop\actual\coldwar\game\x64\release\teleportmove.obj
c:\users\csrae\desktop\actual\coldwar\game\x64\release\smartenemy.obj
c:\users\csrae\desktop\actual\coldwar\game\x64\release\simplemove.obj
c:\users\csrae\desktop\actual\coldwar\game\x64\release\simpleenemybullet.obj
c:\users\csrae\desktop\actual\coldwar\game\x64\release\simpleenemy.obj
c:\users\csrae\desktop\actual\coldwar\game\x64\release\hero.obj
c:\users\csrae\desktop\actual\coldwar\game\x64\release\shieldpowerup.obj
c:\users\csrae\desktop\actual\coldwar\game\x64\release\resources.obj
c:\users\csrae\desktop\actual\coldwar\game\x64\release\powerupfactory.obj
c:\users\csrae\desktop\actual\coldwar\game\x64\release\powerup.obj
c:\users\csrae\desktop\actual\coldwar\game\x64\release\pausestate.obj
c:\users\csrae\desktop\actual\coldwar\x64\release\coldwar.exe
c:\users\csrae\desktop\actual\coldwar\game\x64\release\coldwar.ipdb
c:\users\csrae\desktop\actual\coldwar\game\x64\release\coldwar.iobj
c:\users\csrae\desktop\actual\coldwar\x64\release\coldwar.pdb
c:\users\csrae\desktop\actual\coldwar\game\x64\release\coldwar.tlog\cl.command.1.tlog
c:\users\csrae\desktop\actual\coldwar\game\x64\release\coldwar.tlog\cl.read.1.tlog
c:\users\csrae\desktop\actual\coldwar\game\x64\release\coldwar.tlog\cl.write.1.tlog
c:\users\csrae\desktop\actual\coldwar\game\x64\release\coldwar.tlog\link.command.1.tlog
c:\users\csrae\desktop\actual\coldwar\game\x64\release\coldwar.tlog\link.read.1.tlog
c:\users\csrae\desktop\actual\coldwar\game\x64\release\coldwar.tlog\link.write.1.tlog
