C:\Program Files (x86)\Microsoft Visual Studio\2019\Community\MSBuild\Microsoft\VC\v160\Microsoft.CppBuild.targets(513,5): warning MSB8028: The intermediate directory (x64\Release\) contains files shared from another project (FreeSpace.vcxproj).  This can lead to incorrect clean and rebuild behavior.
cl : command line warning D9002: ignoring unknown option '/arch:IA32'
  BossEnemy.cpp
  BossMove.cpp
  Bullet.cpp
  BulletFactory.cpp
  StarBulletPowerUp.cpp
  CollisionHandler.cpp
  HeroBullet.cpp
  Enemy.cpp
  EnemyFactory.cpp
  Entity.cpp
  Exit.cpp
  ExtraLife.cpp
  GameController.cpp
  GameOverState.cpp
  PlayingState.cpp
  LevelController.cpp
  main.cpp
  MenuState.cpp
  MoveHorizontal.cpp
  NewGame.cpp
  Compiling...
  PauseState.cpp
  PowerUp.cpp
  PowerUpFactory.cpp
  Resources.cpp
  ShieldPowerUp.cpp
  Hero.cpp
  SimpleEnemy.cpp
  SimpleEnemyBullet.cpp
  SimpleMove.cpp
  SmartEnemy.cpp
  TeleportMove.cpp
  StarBullet.cpp
  Generating code
  Previous IPDB not found, fall back to full compilation.
  All 2257 functions were compiled because no usable IPDB/IOBJ from previous compilation was found.
  Finished generating code
  ColdWar.vcxproj -> C:\Users\csrae\Desktop\actual\ColdWar\x64\Release\ColdWar.exe
